[0.010s] Invoking command in '/home/michael/Desktop/yunhao/roar_ros_inference_node/build/inference_interfaces': CMAKE_PREFIX_PATH=/opt/ros/galactic CONDA_PROMPT_MODIFIER=(base) /usr/bin/cmake /home/michael/Desktop/yunhao/roar_ros_inference_node/src/inference_interfaces -DCMAKE_INSTALL_PREFIX=/home/michael/Desktop/yunhao/roar_ros_inference_node/install/inference_interfaces
[0.025s] -- Found ament_cmake: 1.1.5 (/opt/ros/galactic/share/ament_cmake/cmake)
[0.038s] -- Using PYTHON_EXECUTABLE: /home/michael/miniconda3/bin/python3
[0.088s] -- Found rosidl_default_generators: 1.1.1 (/opt/ros/galactic/share/rosidl_default_generators/cmake)
[0.090s] -- Using all available rosidl_typesupport_c: rosidl_typesupport_fastrtps_c;rosidl_typesupport_introspection_c
[0.095s] -- Found rosidl_adapter: 2.2.2 (/opt/ros/galactic/share/rosidl_adapter/cmake)
[0.174s] -- Found OpenSSL: /usr/lib/x86_64-linux-gnu/libcrypto.so (found version "1.1.1f")  
[0.198s] -- Found FastRTPS: /opt/ros/galactic/include  
[0.263s] -- Using all available rosidl_typesupport_cpp: rosidl_typesupport_fastrtps_cpp;rosidl_typesupport_introspection_cpp
[0.284s] -- Found ament_lint_auto: 0.10.7 (/opt/ros/galactic/share/ament_lint_auto/cmake)
[0.305s] Traceback (most recent call last):
[0.305s]   File "/opt/ros/galactic/share/ament_cmake_core/cmake/core/package_xml_2_cmake.py", line 22, in <module>
[0.305s]     from catkin_pkg.package import evaluate_condition
[0.305s] ModuleNotFoundError: No module named 'catkin_pkg'
[0.307s] CMake Error at /opt/ros/galactic/share/ament_cmake_core/cmake/core/ament_package_xml.cmake:94 (message):
[0.307s]   execute_process(/home/michael/miniconda3/bin/python3
[0.308s]   /opt/ros/galactic/share/ament_cmake_core/cmake/core/package_xml_2_cmake.py
[0.308s]   /home/michael/Desktop/yunhao/roar_ros_inference_node/src/inference_interfaces/package.xml
[0.308s]   /home/michael/Desktop/yunhao/roar_ros_inference_node/build/inference_interfaces/ament_cmake_core/package.cmake)
[0.308s]   returned error code 1
[0.308s] Call Stack (most recent call first):
[0.308s]   /opt/ros/galactic/share/ament_cmake_core/cmake/core/ament_package_xml.cmake:49 (_ament_package_xml)
[0.308s]   /opt/ros/galactic/share/ament_lint_auto/cmake/ament_lint_auto_find_test_dependencies.cmake:31 (ament_package_xml)
[0.308s]   CMakeLists.txt:28 (ament_lint_auto_find_test_dependencies)
[0.308s] 
[0.308s] 
[0.308s] -- Configuring incomplete, errors occurred!
[0.309s] See also "/home/michael/Desktop/yunhao/roar_ros_inference_node/build/inference_interfaces/CMakeFiles/CMakeOutput.log".
[0.314s] Invoked command in '/home/michael/Desktop/yunhao/roar_ros_inference_node/build/inference_interfaces' returned '1': CMAKE_PREFIX_PATH=/opt/ros/galactic CONDA_PROMPT_MODIFIER=(base) /usr/bin/cmake /home/michael/Desktop/yunhao/roar_ros_inference_node/src/inference_interfaces -DCMAKE_INSTALL_PREFIX=/home/michael/Desktop/yunhao/roar_ros_inference_node/install/inference_interfaces
