[0.116s] DEBUG:colcon:Command line arguments: ['/usr/bin/colcon', 'build', '--packages-up-to', 'inference_interfaces']
[0.116s] DEBUG:colcon:Parsed command line arguments: Namespace(allow_overriding=[], ament_cmake_args=None, base_paths=['.'], build_base='build', catkin_cmake_args=None, catkin_skip_building_tests=False, cmake_args=None, cmake_clean_cache=False, cmake_clean_first=False, cmake_force_configure=False, cmake_target=None, cmake_target_skip_unavailable=False, continue_on_error=False, event_handlers=None, executor='parallel', ignore_user_meta=False, install_base='install', log_base=None, log_level=None, main=<bound method BuildVerb.main of <colcon_core.verb.build.BuildVerb object at 0x7f7b20b73940>>, merge_install=False, metas=['./colcon.meta'], packages_above=None, packages_above_and_dependencies=None, packages_above_depth=None, packages_end=None, packages_ignore=None, packages_ignore_regex=None, packages_select=None, packages_select_build_failed=False, packages_select_by_dep=None, packages_select_regex=None, packages_select_test_failures=False, packages_skip=None, packages_skip_build_finished=False, packages_skip_by_dep=None, packages_skip_regex=None, packages_skip_test_passed=False, packages_skip_up_to=None, packages_start=None, packages_up_to=['inference_interfaces'], packages_up_to_regex=None, parallel_workers=12, paths=None, symlink_install=False, test_result_base=None, verb_extension=<colcon_core.verb.build.BuildVerb object at 0x7f7b20b73940>, verb_name='build', verb_parser=<colcon_defaults.argument_parser.defaults.DefaultArgumentsDecorator object at 0x7f7b20b73eb0>)
[0.136s] Level 1:colcon.colcon_core.package_discovery:discover_packages(colcon_meta) check parameters
[0.136s] Level 1:colcon.colcon_core.package_discovery:discover_packages(recursive) check parameters
[0.136s] Level 1:colcon.colcon_core.package_discovery:discover_packages(ignore) check parameters
[0.136s] Level 1:colcon.colcon_core.package_discovery:discover_packages(path) check parameters
[0.136s] Level 1:colcon.colcon_core.package_discovery:discover_packages(colcon_meta) discover
[0.136s] Level 1:colcon.colcon_core.package_discovery:discover_packages(recursive) discover
[0.136s] INFO:colcon.colcon_core.package_discovery:Crawling recursively for packages in '/home/michael/Desktop/yunhao/roar_ros_inference_node'
[0.136s] Level 1:colcon.colcon_core.package_identification:_identify(.) by extensions ['ignore', 'ignore_ament_install']
[0.136s] Level 1:colcon.colcon_core.package_identification:_identify(.) by extension 'ignore'
[0.136s] Level 1:colcon.colcon_core.package_identification:_identify(.) by extension 'ignore_ament_install'
[0.136s] Level 1:colcon.colcon_core.package_identification:_identify(.) by extensions ['colcon_pkg']
[0.136s] Level 1:colcon.colcon_core.package_identification:_identify(.) by extension 'colcon_pkg'
[0.136s] Level 1:colcon.colcon_core.package_identification:_identify(.) by extensions ['colcon_meta']
[0.136s] Level 1:colcon.colcon_core.package_identification:_identify(.) by extension 'colcon_meta'
[0.137s] Level 1:colcon.colcon_core.package_identification:_identify(.) by extensions ['ros']
[0.137s] Level 1:colcon.colcon_core.package_identification:_identify(.) by extension 'ros'
[0.145s] Level 1:colcon.colcon_core.package_identification:_identify(.) by extensions ['cmake', 'python']
[0.145s] Level 1:colcon.colcon_core.package_identification:_identify(.) by extension 'cmake'
[0.145s] Level 1:colcon.colcon_core.package_identification:_identify(.) by extension 'python'
[0.145s] Level 1:colcon.colcon_core.package_identification:_identify(.) by extensions ['python_setup_py']
[0.145s] Level 1:colcon.colcon_core.package_identification:_identify(.) by extension 'python_setup_py'
[0.145s] Level 1:colcon.colcon_core.package_identification:_identify(build) by extensions ['ignore', 'ignore_ament_install']
[0.145s] Level 1:colcon.colcon_core.package_identification:_identify(build) by extension 'ignore'
[0.145s] Level 1:colcon.colcon_core.package_identification:_identify(build) ignored
[0.145s] Level 1:colcon.colcon_core.package_identification:_identify(install) by extensions ['ignore', 'ignore_ament_install']
[0.145s] Level 1:colcon.colcon_core.package_identification:_identify(install) by extension 'ignore'
[0.145s] Level 1:colcon.colcon_core.package_identification:_identify(install) ignored
[0.146s] Level 1:colcon.colcon_core.package_identification:_identify(log) by extensions ['ignore', 'ignore_ament_install']
[0.146s] Level 1:colcon.colcon_core.package_identification:_identify(log) by extension 'ignore'
[0.146s] Level 1:colcon.colcon_core.package_identification:_identify(log) ignored
[0.146s] Level 1:colcon.colcon_core.package_identification:_identify(src) by extensions ['ignore', 'ignore_ament_install']
[0.146s] Level 1:colcon.colcon_core.package_identification:_identify(src) by extension 'ignore'
[0.146s] Level 1:colcon.colcon_core.package_identification:_identify(src) by extension 'ignore_ament_install'
[0.146s] Level 1:colcon.colcon_core.package_identification:_identify(src) by extensions ['colcon_pkg']
[0.146s] Level 1:colcon.colcon_core.package_identification:_identify(src) by extension 'colcon_pkg'
[0.146s] Level 1:colcon.colcon_core.package_identification:_identify(src) by extensions ['colcon_meta']
[0.146s] Level 1:colcon.colcon_core.package_identification:_identify(src) by extension 'colcon_meta'
[0.146s] Level 1:colcon.colcon_core.package_identification:_identify(src) by extensions ['ros']
[0.146s] Level 1:colcon.colcon_core.package_identification:_identify(src) by extension 'ros'
[0.146s] Level 1:colcon.colcon_core.package_identification:_identify(src) by extensions ['cmake', 'python']
[0.146s] Level 1:colcon.colcon_core.package_identification:_identify(src) by extension 'cmake'
[0.146s] Level 1:colcon.colcon_core.package_identification:_identify(src) by extension 'python'
[0.146s] Level 1:colcon.colcon_core.package_identification:_identify(src) by extensions ['python_setup_py']
[0.146s] Level 1:colcon.colcon_core.package_identification:_identify(src) by extension 'python_setup_py'
[0.146s] Level 1:colcon.colcon_core.package_identification:_identify(src/inference_interfaces) by extensions ['ignore', 'ignore_ament_install']
[0.146s] Level 1:colcon.colcon_core.package_identification:_identify(src/inference_interfaces) by extension 'ignore'
[0.146s] Level 1:colcon.colcon_core.package_identification:_identify(src/inference_interfaces) by extension 'ignore_ament_install'
[0.146s] Level 1:colcon.colcon_core.package_identification:_identify(src/inference_interfaces) by extensions ['colcon_pkg']
[0.146s] Level 1:colcon.colcon_core.package_identification:_identify(src/inference_interfaces) by extension 'colcon_pkg'
[0.147s] Level 1:colcon.colcon_core.package_identification:_identify(src/inference_interfaces) by extensions ['colcon_meta']
[0.147s] Level 1:colcon.colcon_core.package_identification:_identify(src/inference_interfaces) by extension 'colcon_meta'
[0.147s] Level 1:colcon.colcon_core.package_identification:_identify(src/inference_interfaces) by extensions ['ros']
[0.147s] Level 1:colcon.colcon_core.package_identification:_identify(src/inference_interfaces) by extension 'ros'
[0.154s] DEBUG:colcon.colcon_core.package_identification:Package 'src/inference_interfaces' with type 'ros.ament_cmake' and name 'inference_interfaces'
[0.154s] Level 1:colcon.colcon_core.package_discovery:discover_packages(recursive) using defaults
[0.154s] Level 1:colcon.colcon_core.package_discovery:discover_packages(ignore) discover
[0.154s] Level 1:colcon.colcon_core.package_discovery:discover_packages(ignore) using defaults
[0.154s] Level 1:colcon.colcon_core.package_discovery:discover_packages(path) discover
[0.154s] Level 1:colcon.colcon_core.package_discovery:discover_packages(path) using defaults
[0.169s] Level 1:colcon.colcon_core.package_discovery:discover_packages(prefix_path) check parameters
[0.169s] Level 1:colcon.colcon_core.package_discovery:discover_packages(prefix_path) discover
[0.171s] DEBUG:colcon.colcon_installed_package_information.package_discovery:Found 278 installed packages in /opt/ros/galactic
[0.172s] Level 1:colcon.colcon_core.package_discovery:discover_packages(prefix_path) using defaults
[0.235s] Level 5:colcon.colcon_core.verb:set package 'inference_interfaces' build argument 'cmake_args' from command line to 'None'
[0.235s] Level 5:colcon.colcon_core.verb:set package 'inference_interfaces' build argument 'cmake_target' from command line to 'None'
[0.235s] Level 5:colcon.colcon_core.verb:set package 'inference_interfaces' build argument 'cmake_target_skip_unavailable' from command line to 'False'
[0.235s] Level 5:colcon.colcon_core.verb:set package 'inference_interfaces' build argument 'cmake_clean_cache' from command line to 'False'
[0.235s] Level 5:colcon.colcon_core.verb:set package 'inference_interfaces' build argument 'cmake_clean_first' from command line to 'False'
[0.236s] Level 5:colcon.colcon_core.verb:set package 'inference_interfaces' build argument 'cmake_force_configure' from command line to 'False'
[0.236s] Level 5:colcon.colcon_core.verb:set package 'inference_interfaces' build argument 'ament_cmake_args' from command line to 'None'
[0.236s] Level 5:colcon.colcon_core.verb:set package 'inference_interfaces' build argument 'catkin_cmake_args' from command line to 'None'
[0.236s] Level 5:colcon.colcon_core.verb:set package 'inference_interfaces' build argument 'catkin_skip_building_tests' from command line to 'False'
[0.236s] DEBUG:colcon.colcon_core.verb:Building package 'inference_interfaces' with the following arguments: {'ament_cmake_args': None, 'build_base': '/home/michael/Desktop/yunhao/roar_ros_inference_node/build/inference_interfaces', 'catkin_cmake_args': None, 'catkin_skip_building_tests': False, 'cmake_args': None, 'cmake_clean_cache': False, 'cmake_clean_first': False, 'cmake_force_configure': False, 'cmake_target': None, 'cmake_target_skip_unavailable': False, 'install_base': '/home/michael/Desktop/yunhao/roar_ros_inference_node/install/inference_interfaces', 'merge_install': False, 'path': '/home/michael/Desktop/yunhao/roar_ros_inference_node/src/inference_interfaces', 'symlink_install': False, 'test_result_base': None}
[0.236s] INFO:colcon.colcon_core.executor:Executing jobs using 'parallel' executor
[0.239s] DEBUG:colcon.colcon_parallel_executor.executor.parallel:run_until_complete
[0.239s] INFO:colcon.colcon_ros.task.ament_cmake.build:Building ROS package in '/home/michael/Desktop/yunhao/roar_ros_inference_node/src/inference_interfaces' with build type 'ament_cmake'
[0.240s] INFO:colcon.colcon_cmake.task.cmake.build:Building CMake package in '/home/michael/Desktop/yunhao/roar_ros_inference_node/src/inference_interfaces'
[0.243s] INFO:colcon.colcon_core.plugin_system:Skipping extension 'colcon_core.shell.bat': Not used on non-Windows systems
[0.243s] INFO:colcon.colcon_core.shell:Skip shell extension 'powershell' for command environment: Not usable outside of PowerShell
[0.243s] DEBUG:colcon.colcon_core.shell:Skip shell extension 'dsv' for command environment
[0.254s] DEBUG:colcon.colcon_core.event_handler.log_command:Invoking command in '/home/michael/Desktop/yunhao/roar_ros_inference_node/build/inference_interfaces': CMAKE_PREFIX_PATH=/opt/ros/galactic CONDA_PROMPT_MODIFIER=(base) /usr/bin/cmake --build /home/michael/Desktop/yunhao/roar_ros_inference_node/build/inference_interfaces -- -j12 -l12
[0.564s] DEBUG:colcon.colcon_core.event_handler.log_command:Invoked command in '/home/michael/Desktop/yunhao/roar_ros_inference_node/build/inference_interfaces' returned '0': CMAKE_PREFIX_PATH=/opt/ros/galactic CONDA_PROMPT_MODIFIER=(base) /usr/bin/cmake --build /home/michael/Desktop/yunhao/roar_ros_inference_node/build/inference_interfaces -- -j12 -l12
[0.592s] DEBUG:colcon.colcon_core.event_handler.log_command:Invoking command in '/home/michael/Desktop/yunhao/roar_ros_inference_node/build/inference_interfaces': CMAKE_PREFIX_PATH=/opt/ros/galactic CONDA_PROMPT_MODIFIER=(base) /usr/bin/cmake --install /home/michael/Desktop/yunhao/roar_ros_inference_node/build/inference_interfaces
[0.601s] Level 1:colcon.colcon_core.environment:create_environment_scripts_only(inference_interfaces)
[0.602s] DEBUG:colcon.colcon_core.event_handler.log_command:Invoked command in '/home/michael/Desktop/yunhao/roar_ros_inference_node/build/inference_interfaces' returned '0': CMAKE_PREFIX_PATH=/opt/ros/galactic CONDA_PROMPT_MODIFIER=(base) /usr/bin/cmake --install /home/michael/Desktop/yunhao/roar_ros_inference_node/build/inference_interfaces
[0.606s] Level 1:colcon.colcon_core.environment:checking '/home/michael/Desktop/yunhao/roar_ros_inference_node/install/inference_interfaces' for CMake module files
[0.606s] Level 1:colcon.colcon_core.environment:checking '/home/michael/Desktop/yunhao/roar_ros_inference_node/install/inference_interfaces' for CMake config files
[0.606s] Level 1:colcon.colcon_core.shell:create_environment_hook('inference_interfaces', 'cmake_prefix_path')
[0.607s] INFO:colcon.colcon_core.shell:Creating environment hook '/home/michael/Desktop/yunhao/roar_ros_inference_node/install/inference_interfaces/share/inference_interfaces/hook/cmake_prefix_path.ps1'
[0.608s] INFO:colcon.colcon_core.shell:Creating environment descriptor '/home/michael/Desktop/yunhao/roar_ros_inference_node/install/inference_interfaces/share/inference_interfaces/hook/cmake_prefix_path.dsv'
[0.608s] INFO:colcon.colcon_core.shell:Creating environment hook '/home/michael/Desktop/yunhao/roar_ros_inference_node/install/inference_interfaces/share/inference_interfaces/hook/cmake_prefix_path.sh'
[0.609s] Level 1:colcon.colcon_core.environment:checking '/home/michael/Desktop/yunhao/roar_ros_inference_node/install/inference_interfaces/bin'
[0.609s] Level 1:colcon.colcon_core.environment:checking '/home/michael/Desktop/yunhao/roar_ros_inference_node/install/inference_interfaces/lib/pkgconfig/inference_interfaces.pc'
[0.609s] Level 1:colcon.colcon_core.environment:checking '/home/michael/Desktop/yunhao/roar_ros_inference_node/install/inference_interfaces/lib/python3.8/site-packages'
[0.609s] Level 1:colcon.colcon_core.environment:checking '/home/michael/Desktop/yunhao/roar_ros_inference_node/install/inference_interfaces/bin'
[0.610s] INFO:colcon.colcon_core.shell:Creating package script '/home/michael/Desktop/yunhao/roar_ros_inference_node/install/inference_interfaces/share/inference_interfaces/package.ps1'
[0.611s] INFO:colcon.colcon_core.shell:Creating package descriptor '/home/michael/Desktop/yunhao/roar_ros_inference_node/install/inference_interfaces/share/inference_interfaces/package.dsv'
[0.611s] INFO:colcon.colcon_core.shell:Creating package script '/home/michael/Desktop/yunhao/roar_ros_inference_node/install/inference_interfaces/share/inference_interfaces/package.sh'
[0.612s] INFO:colcon.colcon_core.shell:Creating package script '/home/michael/Desktop/yunhao/roar_ros_inference_node/install/inference_interfaces/share/inference_interfaces/package.bash'
[0.612s] INFO:colcon.colcon_core.shell:Creating package script '/home/michael/Desktop/yunhao/roar_ros_inference_node/install/inference_interfaces/share/inference_interfaces/package.zsh'
[0.613s] Level 1:colcon.colcon_core.environment:create_file_with_runtime_dependencies(/home/michael/Desktop/yunhao/roar_ros_inference_node/install/inference_interfaces/share/colcon-core/packages/inference_interfaces)
[0.632s] Level 1:colcon.colcon_core.environment:create_environment_scripts_only(inference_interfaces)
[0.633s] Level 1:colcon.colcon_core.environment:checking '/home/michael/Desktop/yunhao/roar_ros_inference_node/install/inference_interfaces' for CMake module files
[0.634s] Level 1:colcon.colcon_core.environment:checking '/home/michael/Desktop/yunhao/roar_ros_inference_node/install/inference_interfaces' for CMake config files
[0.634s] Level 1:colcon.colcon_core.shell:create_environment_hook('inference_interfaces', 'cmake_prefix_path')
[0.635s] INFO:colcon.colcon_core.shell:Creating environment hook '/home/michael/Desktop/yunhao/roar_ros_inference_node/install/inference_interfaces/share/inference_interfaces/hook/cmake_prefix_path.ps1'
[0.636s] INFO:colcon.colcon_core.shell:Creating environment descriptor '/home/michael/Desktop/yunhao/roar_ros_inference_node/install/inference_interfaces/share/inference_interfaces/hook/cmake_prefix_path.dsv'
[0.636s] INFO:colcon.colcon_core.shell:Creating environment hook '/home/michael/Desktop/yunhao/roar_ros_inference_node/install/inference_interfaces/share/inference_interfaces/hook/cmake_prefix_path.sh'
[0.636s] Level 1:colcon.colcon_core.environment:checking '/home/michael/Desktop/yunhao/roar_ros_inference_node/install/inference_interfaces/bin'
[0.636s] Level 1:colcon.colcon_core.environment:checking '/home/michael/Desktop/yunhao/roar_ros_inference_node/install/inference_interfaces/lib/pkgconfig/inference_interfaces.pc'
[0.637s] Level 1:colcon.colcon_core.environment:checking '/home/michael/Desktop/yunhao/roar_ros_inference_node/install/inference_interfaces/lib/python3.8/site-packages'
[0.637s] Level 1:colcon.colcon_core.environment:checking '/home/michael/Desktop/yunhao/roar_ros_inference_node/install/inference_interfaces/bin'
[0.638s] INFO:colcon.colcon_core.shell:Creating package script '/home/michael/Desktop/yunhao/roar_ros_inference_node/install/inference_interfaces/share/inference_interfaces/package.ps1'
[0.638s] INFO:colcon.colcon_core.shell:Creating package descriptor '/home/michael/Desktop/yunhao/roar_ros_inference_node/install/inference_interfaces/share/inference_interfaces/package.dsv'
[0.638s] INFO:colcon.colcon_core.shell:Creating package script '/home/michael/Desktop/yunhao/roar_ros_inference_node/install/inference_interfaces/share/inference_interfaces/package.sh'
[0.639s] INFO:colcon.colcon_core.shell:Creating package script '/home/michael/Desktop/yunhao/roar_ros_inference_node/install/inference_interfaces/share/inference_interfaces/package.bash'
[0.639s] INFO:colcon.colcon_core.shell:Creating package script '/home/michael/Desktop/yunhao/roar_ros_inference_node/install/inference_interfaces/share/inference_interfaces/package.zsh'
[0.639s] Level 1:colcon.colcon_core.environment:create_file_with_runtime_dependencies(/home/michael/Desktop/yunhao/roar_ros_inference_node/install/inference_interfaces/share/colcon-core/packages/inference_interfaces)
[0.640s] DEBUG:colcon.colcon_parallel_executor.executor.parallel:closing loop
[0.640s] DEBUG:colcon.colcon_parallel_executor.executor.parallel:loop closed
[0.640s] DEBUG:colcon.colcon_parallel_executor.executor.parallel:run_until_complete finished with '0'
[0.640s] DEBUG:colcon.colcon_core.event_reactor:joining thread
[0.645s] INFO:colcon.colcon_core.plugin_system:Skipping extension 'colcon_notification.desktop_notification.terminal_notifier': Not used on non-Darwin systems
[0.645s] INFO:colcon.colcon_core.plugin_system:Skipping extension 'colcon_notification.desktop_notification.win32': Not used on non-Windows systems
[0.645s] INFO:colcon.colcon_notification.desktop_notification:Sending desktop notification using 'notify2'
[0.658s] DEBUG:colcon.colcon_core.event_reactor:joined thread
[0.659s] INFO:colcon.colcon_core.shell:Creating prefix script '/home/michael/Desktop/yunhao/roar_ros_inference_node/install/local_setup.ps1'
[0.660s] INFO:colcon.colcon_core.shell:Creating prefix util module '/home/michael/Desktop/yunhao/roar_ros_inference_node/install/_local_setup_util_ps1.py'
[0.661s] INFO:colcon.colcon_core.shell:Creating prefix chain script '/home/michael/Desktop/yunhao/roar_ros_inference_node/install/setup.ps1'
[0.662s] INFO:colcon.colcon_core.shell:Creating prefix script '/home/michael/Desktop/yunhao/roar_ros_inference_node/install/local_setup.sh'
[0.662s] INFO:colcon.colcon_core.shell:Creating prefix util module '/home/michael/Desktop/yunhao/roar_ros_inference_node/install/_local_setup_util_sh.py'
[0.663s] INFO:colcon.colcon_core.shell:Creating prefix chain script '/home/michael/Desktop/yunhao/roar_ros_inference_node/install/setup.sh'
[0.664s] INFO:colcon.colcon_core.shell:Creating prefix script '/home/michael/Desktop/yunhao/roar_ros_inference_node/install/local_setup.bash'
[0.664s] INFO:colcon.colcon_core.shell:Creating prefix chain script '/home/michael/Desktop/yunhao/roar_ros_inference_node/install/setup.bash'
[0.665s] INFO:colcon.colcon_core.shell:Creating prefix script '/home/michael/Desktop/yunhao/roar_ros_inference_node/install/local_setup.zsh'
[0.666s] INFO:colcon.colcon_core.shell:Creating prefix chain script '/home/michael/Desktop/yunhao/roar_ros_inference_node/install/setup.zsh'
