[0.181s] DEBUG:colcon:Command line arguments: ['/usr/bin/colcon', 'list', '-p', '--base-paths', '/home/michael/Desktop/yunhao/roar_ros_inference_node']
[0.181s] DEBUG:colcon:Parsed command line arguments: Namespace(allow_overriding=[], base_paths=['/home/michael/Desktop/yunhao/roar_ros_inference_node'], build_base='build', ignore_user_meta=False, log_base=None, log_level=None, main=<bound method ListVerb.main of <colcon_package_information.verb.list.ListVerb object at 0x7f789ab02250>>, metas=['./colcon.meta'], names_only=False, packages_above=None, packages_above_and_dependencies=None, packages_above_depth=None, packages_end=None, packages_ignore=None, packages_ignore_regex=None, packages_select=None, packages_select_build_failed=False, packages_select_by_dep=None, packages_select_regex=None, packages_select_test_failures=False, packages_skip=None, packages_skip_build_finished=False, packages_skip_by_dep=None, packages_skip_regex=None, packages_skip_test_passed=False, packages_skip_up_to=None, packages_start=None, packages_up_to=None, packages_up_to_regex=None, paths=None, paths_only=True, topological_graph=False, topological_graph_density=False, topological_graph_dot=False, topological_graph_dot_cluster=False, topological_graph_dot_include_skipped=False, topological_graph_legend=False, topological_order=False, verb_extension=<colcon_package_information.verb.list.ListVerb object at 0x7f789ab02250>, verb_name='list', verb_parser=<colcon_defaults.argument_parser.defaults.DefaultArgumentsDecorator object at 0x7f789aa58ac0>)
[0.212s] Level 1:colcon.colcon_core.package_discovery:discover_packages(colcon_meta) check parameters
[0.213s] Level 1:colcon.colcon_core.package_discovery:discover_packages(recursive) check parameters
[0.213s] Level 1:colcon.colcon_core.package_discovery:discover_packages(ignore) check parameters
[0.213s] Level 1:colcon.colcon_core.package_discovery:discover_packages(path) check parameters
[0.213s] Level 1:colcon.colcon_core.package_discovery:discover_packages(recursive) discover
[0.213s] INFO:colcon.colcon_core.package_discovery:Crawling recursively for packages in '/home/michael/Desktop/yunhao/roar_ros_inference_node'
[0.213s] Level 1:colcon.colcon_core.package_identification:_identify(/home/michael/Desktop/yunhao/roar_ros_inference_node) by extensions ['ignore', 'ignore_ament_install']
[0.214s] Level 1:colcon.colcon_core.package_identification:_identify(/home/michael/Desktop/yunhao/roar_ros_inference_node) by extension 'ignore'
[0.214s] Level 1:colcon.colcon_core.package_identification:_identify(/home/michael/Desktop/yunhao/roar_ros_inference_node) by extension 'ignore_ament_install'
[0.214s] Level 1:colcon.colcon_core.package_identification:_identify(/home/michael/Desktop/yunhao/roar_ros_inference_node) by extensions ['colcon_pkg']
[0.214s] Level 1:colcon.colcon_core.package_identification:_identify(/home/michael/Desktop/yunhao/roar_ros_inference_node) by extension 'colcon_pkg'
[0.214s] Level 1:colcon.colcon_core.package_identification:_identify(/home/michael/Desktop/yunhao/roar_ros_inference_node) by extensions ['colcon_meta']
[0.214s] Level 1:colcon.colcon_core.package_identification:_identify(/home/michael/Desktop/yunhao/roar_ros_inference_node) by extension 'colcon_meta'
[0.215s] Level 1:colcon.colcon_core.package_identification:_identify(/home/michael/Desktop/yunhao/roar_ros_inference_node) by extensions ['ros']
[0.215s] Level 1:colcon.colcon_core.package_identification:_identify(/home/michael/Desktop/yunhao/roar_ros_inference_node) by extension 'ros'
[0.228s] Level 1:colcon.colcon_core.package_identification:_identify(/home/michael/Desktop/yunhao/roar_ros_inference_node) by extensions ['cmake', 'python']
[0.228s] Level 1:colcon.colcon_core.package_identification:_identify(/home/michael/Desktop/yunhao/roar_ros_inference_node) by extension 'cmake'
[0.229s] Level 1:colcon.colcon_core.package_identification:_identify(/home/michael/Desktop/yunhao/roar_ros_inference_node) by extension 'python'
[0.229s] Level 1:colcon.colcon_core.package_identification:_identify(/home/michael/Desktop/yunhao/roar_ros_inference_node) by extensions ['python_setup_py']
[0.229s] Level 1:colcon.colcon_core.package_identification:_identify(/home/michael/Desktop/yunhao/roar_ros_inference_node) by extension 'python_setup_py'
[0.229s] Level 1:colcon.colcon_core.package_identification:_identify(/home/michael/Desktop/yunhao/roar_ros_inference_node/build) by extensions ['ignore', 'ignore_ament_install']
[0.229s] Level 1:colcon.colcon_core.package_identification:_identify(/home/michael/Desktop/yunhao/roar_ros_inference_node/build) by extension 'ignore'
[0.229s] Level 1:colcon.colcon_core.package_identification:_identify(/home/michael/Desktop/yunhao/roar_ros_inference_node/build) ignored
[0.229s] Level 1:colcon.colcon_core.package_identification:_identify(/home/michael/Desktop/yunhao/roar_ros_inference_node/install) by extensions ['ignore', 'ignore_ament_install']
[0.229s] Level 1:colcon.colcon_core.package_identification:_identify(/home/michael/Desktop/yunhao/roar_ros_inference_node/install) by extension 'ignore'
[0.229s] Level 1:colcon.colcon_core.package_identification:_identify(/home/michael/Desktop/yunhao/roar_ros_inference_node/install) ignored
[0.230s] Level 1:colcon.colcon_core.package_identification:_identify(/home/michael/Desktop/yunhao/roar_ros_inference_node/log) by extensions ['ignore', 'ignore_ament_install']
[0.230s] Level 1:colcon.colcon_core.package_identification:_identify(/home/michael/Desktop/yunhao/roar_ros_inference_node/log) by extension 'ignore'
[0.230s] Level 1:colcon.colcon_core.package_identification:_identify(/home/michael/Desktop/yunhao/roar_ros_inference_node/log) ignored
[0.230s] Level 1:colcon.colcon_core.package_identification:_identify(/home/michael/Desktop/yunhao/roar_ros_inference_node/src) by extensions ['ignore', 'ignore_ament_install']
[0.230s] Level 1:colcon.colcon_core.package_identification:_identify(/home/michael/Desktop/yunhao/roar_ros_inference_node/src) by extension 'ignore'
[0.230s] Level 1:colcon.colcon_core.package_identification:_identify(/home/michael/Desktop/yunhao/roar_ros_inference_node/src) by extension 'ignore_ament_install'
[0.230s] Level 1:colcon.colcon_core.package_identification:_identify(/home/michael/Desktop/yunhao/roar_ros_inference_node/src) by extensions ['colcon_pkg']
[0.230s] Level 1:colcon.colcon_core.package_identification:_identify(/home/michael/Desktop/yunhao/roar_ros_inference_node/src) by extension 'colcon_pkg'
[0.230s] Level 1:colcon.colcon_core.package_identification:_identify(/home/michael/Desktop/yunhao/roar_ros_inference_node/src) by extensions ['colcon_meta']
[0.230s] Level 1:colcon.colcon_core.package_identification:_identify(/home/michael/Desktop/yunhao/roar_ros_inference_node/src) by extension 'colcon_meta'
[0.231s] Level 1:colcon.colcon_core.package_identification:_identify(/home/michael/Desktop/yunhao/roar_ros_inference_node/src) by extensions ['ros']
[0.231s] Level 1:colcon.colcon_core.package_identification:_identify(/home/michael/Desktop/yunhao/roar_ros_inference_node/src) by extension 'ros'
[0.231s] Level 1:colcon.colcon_core.package_identification:_identify(/home/michael/Desktop/yunhao/roar_ros_inference_node/src) by extensions ['cmake', 'python']
[0.231s] Level 1:colcon.colcon_core.package_identification:_identify(/home/michael/Desktop/yunhao/roar_ros_inference_node/src) by extension 'cmake'
[0.231s] Level 1:colcon.colcon_core.package_identification:_identify(/home/michael/Desktop/yunhao/roar_ros_inference_node/src) by extension 'python'
[0.231s] Level 1:colcon.colcon_core.package_identification:_identify(/home/michael/Desktop/yunhao/roar_ros_inference_node/src) by extensions ['python_setup_py']
[0.231s] Level 1:colcon.colcon_core.package_identification:_identify(/home/michael/Desktop/yunhao/roar_ros_inference_node/src) by extension 'python_setup_py'
[0.231s] Level 1:colcon.colcon_core.package_identification:_identify(/home/michael/Desktop/yunhao/roar_ros_inference_node/src/inference_interfaces) by extensions ['ignore', 'ignore_ament_install']
[0.231s] Level 1:colcon.colcon_core.package_identification:_identify(/home/michael/Desktop/yunhao/roar_ros_inference_node/src/inference_interfaces) by extension 'ignore'
[0.231s] Level 1:colcon.colcon_core.package_identification:_identify(/home/michael/Desktop/yunhao/roar_ros_inference_node/src/inference_interfaces) by extension 'ignore_ament_install'
[0.231s] Level 1:colcon.colcon_core.package_identification:_identify(/home/michael/Desktop/yunhao/roar_ros_inference_node/src/inference_interfaces) by extensions ['colcon_pkg']
[0.232s] Level 1:colcon.colcon_core.package_identification:_identify(/home/michael/Desktop/yunhao/roar_ros_inference_node/src/inference_interfaces) by extension 'colcon_pkg'
[0.232s] Level 1:colcon.colcon_core.package_identification:_identify(/home/michael/Desktop/yunhao/roar_ros_inference_node/src/inference_interfaces) by extensions ['colcon_meta']
[0.232s] Level 1:colcon.colcon_core.package_identification:_identify(/home/michael/Desktop/yunhao/roar_ros_inference_node/src/inference_interfaces) by extension 'colcon_meta'
[0.232s] Level 1:colcon.colcon_core.package_identification:_identify(/home/michael/Desktop/yunhao/roar_ros_inference_node/src/inference_interfaces) by extensions ['ros']
[0.232s] Level 1:colcon.colcon_core.package_identification:_identify(/home/michael/Desktop/yunhao/roar_ros_inference_node/src/inference_interfaces) by extension 'ros'
[0.236s] DEBUG:colcon.colcon_core.package_identification:Package '/home/michael/Desktop/yunhao/roar_ros_inference_node/src/inference_interfaces' with type 'ros.ament_cmake' and name 'inference_interfaces'
[0.236s] Level 1:colcon.colcon_core.package_identification:_identify(/home/michael/Desktop/yunhao/roar_ros_inference_node/src/py_yolo_inference_node) by extensions ['ignore', 'ignore_ament_install']
[0.236s] Level 1:colcon.colcon_core.package_identification:_identify(/home/michael/Desktop/yunhao/roar_ros_inference_node/src/py_yolo_inference_node) by extension 'ignore'
[0.237s] Level 1:colcon.colcon_core.package_identification:_identify(/home/michael/Desktop/yunhao/roar_ros_inference_node/src/py_yolo_inference_node) by extension 'ignore_ament_install'
[0.237s] Level 1:colcon.colcon_core.package_identification:_identify(/home/michael/Desktop/yunhao/roar_ros_inference_node/src/py_yolo_inference_node) by extensions ['colcon_pkg']
[0.237s] Level 1:colcon.colcon_core.package_identification:_identify(/home/michael/Desktop/yunhao/roar_ros_inference_node/src/py_yolo_inference_node) by extension 'colcon_pkg'
[0.237s] Level 1:colcon.colcon_core.package_identification:_identify(/home/michael/Desktop/yunhao/roar_ros_inference_node/src/py_yolo_inference_node) by extensions ['colcon_meta']
[0.237s] Level 1:colcon.colcon_core.package_identification:_identify(/home/michael/Desktop/yunhao/roar_ros_inference_node/src/py_yolo_inference_node) by extension 'colcon_meta'
[0.237s] Level 1:colcon.colcon_core.package_identification:_identify(/home/michael/Desktop/yunhao/roar_ros_inference_node/src/py_yolo_inference_node) by extensions ['ros']
[0.237s] Level 1:colcon.colcon_core.package_identification:_identify(/home/michael/Desktop/yunhao/roar_ros_inference_node/src/py_yolo_inference_node) by extension 'ros'
[0.237s] DEBUG:colcon.colcon_core.package_identification:Package '/home/michael/Desktop/yunhao/roar_ros_inference_node/src/py_yolo_inference_node' with type 'ros.ament_python' and name 'py_yolo_inference_node'
[0.237s] Level 1:colcon.colcon_core.package_discovery:discover_packages(recursive) using defaults
