[0.014s] Invoking command in '/home/michael/Desktop/yunhao/roar_ros_inference_node/build/inference_interfaces': CMAKE_PREFIX_PATH=/opt/ros/galactic CONDA_PROMPT_MODIFIER=(base) /usr/bin/cmake --build /home/michael/Desktop/yunhao/roar_ros_inference_node/build/inference_interfaces -- -j12 -l12
[0.035s] -- Found ament_cmake: 1.1.5 (/opt/ros/galactic/share/ament_cmake/cmake)
[0.048s] -- Using PYTHON_EXECUTABLE: /home/michael/miniconda3/bin/python3
[0.096s] -- Found rosidl_default_generators: 1.1.1 (/opt/ros/galactic/share/rosidl_default_generators/cmake)
[0.098s] -- Using all available rosidl_typesupport_c: rosidl_typesupport_fastrtps_c;rosidl_typesupport_introspection_c
[0.101s] -- Found rosidl_adapter: 2.2.2 (/opt/ros/galactic/share/rosidl_adapter/cmake)
[0.215s] -- Using all available rosidl_typesupport_cpp: rosidl_typesupport_fastrtps_cpp;rosidl_typesupport_introspection_cpp
[0.234s] -- Found ament_lint_auto: 0.10.7 (/opt/ros/galactic/share/ament_lint_auto/cmake)
[0.295s] -- Added test 'copyright' to check source files copyright and LICENSE
[0.297s] -- Added test 'lint_cmake' to check CMake code style
[0.298s] -- Added test 'xmllint' to check XML markup files
[0.301s] -- Configuring done
[0.303s] -- Generating done
[0.305s] -- Build files have been written to: /home/michael/Desktop/yunhao/roar_ros_inference_node/build/inference_interfaces
[0.324s] Invoked command in '/home/michael/Desktop/yunhao/roar_ros_inference_node/build/inference_interfaces' returned '0': CMAKE_PREFIX_PATH=/opt/ros/galactic CONDA_PROMPT_MODIFIER=(base) /usr/bin/cmake --build /home/michael/Desktop/yunhao/roar_ros_inference_node/build/inference_interfaces -- -j12 -l12
[0.351s] Invoking command in '/home/michael/Desktop/yunhao/roar_ros_inference_node/build/inference_interfaces': CMAKE_PREFIX_PATH=/opt/ros/galactic CONDA_PROMPT_MODIFIER=(base) /usr/bin/cmake --install /home/michael/Desktop/yunhao/roar_ros_inference_node/build/inference_interfaces
[0.358s] -- Install configuration: ""
[0.358s] -- Up-to-date: /home/michael/Desktop/yunhao/roar_ros_inference_node/install/inference_interfaces/share/ament_index/resource_index/package_run_dependencies/inference_interfaces
[0.358s] -- Up-to-date: /home/michael/Desktop/yunhao/roar_ros_inference_node/install/inference_interfaces/share/ament_index/resource_index/parent_prefix_path/inference_interfaces
[0.359s] -- Up-to-date: /home/michael/Desktop/yunhao/roar_ros_inference_node/install/inference_interfaces/share/inference_interfaces/environment/ament_prefix_path.sh
[0.359s] -- Installing: /home/michael/Desktop/yunhao/roar_ros_inference_node/install/inference_interfaces/share/inference_interfaces/environment/ament_prefix_path.dsv
[0.359s] -- Up-to-date: /home/michael/Desktop/yunhao/roar_ros_inference_node/install/inference_interfaces/share/inference_interfaces/environment/path.sh
[0.359s] -- Installing: /home/michael/Desktop/yunhao/roar_ros_inference_node/install/inference_interfaces/share/inference_interfaces/environment/path.dsv
[0.359s] -- Up-to-date: /home/michael/Desktop/yunhao/roar_ros_inference_node/install/inference_interfaces/share/inference_interfaces/local_setup.bash
[0.359s] -- Up-to-date: /home/michael/Desktop/yunhao/roar_ros_inference_node/install/inference_interfaces/share/inference_interfaces/local_setup.sh
[0.359s] -- Up-to-date: /home/michael/Desktop/yunhao/roar_ros_inference_node/install/inference_interfaces/share/inference_interfaces/local_setup.zsh
[0.359s] -- Installing: /home/michael/Desktop/yunhao/roar_ros_inference_node/install/inference_interfaces/share/inference_interfaces/local_setup.dsv
[0.359s] -- Installing: /home/michael/Desktop/yunhao/roar_ros_inference_node/install/inference_interfaces/share/inference_interfaces/package.dsv
[0.359s] -- Up-to-date: /home/michael/Desktop/yunhao/roar_ros_inference_node/install/inference_interfaces/share/ament_index/resource_index/packages/inference_interfaces
[0.359s] -- Installing: /home/michael/Desktop/yunhao/roar_ros_inference_node/install/inference_interfaces/share/inference_interfaces/cmake/inference_interfacesConfig.cmake
[0.359s] -- Installing: /home/michael/Desktop/yunhao/roar_ros_inference_node/install/inference_interfaces/share/inference_interfaces/cmake/inference_interfacesConfig-version.cmake
[0.359s] -- Installing: /home/michael/Desktop/yunhao/roar_ros_inference_node/install/inference_interfaces/share/inference_interfaces/package.xml
[0.362s] Invoked command in '/home/michael/Desktop/yunhao/roar_ros_inference_node/build/inference_interfaces' returned '0': CMAKE_PREFIX_PATH=/opt/ros/galactic CONDA_PROMPT_MODIFIER=(base) /usr/bin/cmake --install /home/michael/Desktop/yunhao/roar_ros_inference_node/build/inference_interfaces
