[0.015s] Invoking command in '/home/michael/Desktop/yunhao/roar_ros_inference_node/build/turtlesim': CMAKE_PREFIX_PATH=/opt/ros/galactic CONDA_PROMPT_MODIFIER=(base) /usr/bin/cmake /home/michael/Desktop/yunhao/roar_ros_inference_node/src/ros_tutorials/turtlesim -DCMAKE_INSTALL_PREFIX=/home/michael/Desktop/yunhao/roar_ros_inference_node/install/turtlesim
[0.190s] -- The C compiler identification is GNU 9.4.0
[0.318s] -- The CXX compiler identification is GNU 9.4.0
[0.324s] -- Check for working C compiler: /usr/bin/cc
[0.388s] -- Check for working C compiler: /usr/bin/cc -- works
[0.390s] -- Detecting C compiler ABI info
[0.453s] -- Detecting C compiler ABI info - done
[0.462s] -- Detecting C compile features
[0.463s] -- Detecting C compile features - done
[0.465s] -- Check for working CXX compiler: /usr/bin/c++
[0.532s] -- Check for working CXX compiler: /usr/bin/c++ -- works
[0.533s] -- Detecting CXX compiler ABI info
[0.600s] -- Detecting CXX compiler ABI info - done
[0.610s] -- Detecting CXX compile features
[0.610s] -- Detecting CXX compile features - done
[0.614s] -- Found ament_cmake: 1.1.5 (/opt/ros/galactic/share/ament_cmake/cmake)
[0.631s] -- Found PythonInterp: /home/michael/miniconda3/bin/python3 (found suitable version "3.8.13", minimum required is "3") 
[0.631s] -- Using PYTHON_EXECUTABLE: /home/michael/miniconda3/bin/python3
[0.705s] -- Found ament_index_cpp: 1.2.0 (/opt/ros/galactic/share/ament_index_cpp/cmake)
[0.709s] -- Found geometry_msgs: 2.2.4 (/opt/ros/galactic/share/geometry_msgs/cmake)
[0.741s] -- Using all available rosidl_typesupport_c: rosidl_typesupport_fastrtps_c;rosidl_typesupport_introspection_c
[0.748s] -- Found rosidl_adapter: 2.2.2 (/opt/ros/galactic/share/rosidl_adapter/cmake)
[0.828s] -- Found OpenSSL: /usr/lib/x86_64-linux-gnu/libcrypto.so (found version "1.1.1f")  
[0.853s] -- Found FastRTPS: /opt/ros/galactic/include  
[0.924s] -- Using all available rosidl_typesupport_cpp: rosidl_typesupport_fastrtps_cpp;rosidl_typesupport_introspection_cpp
[1.016s] -- Found rclcpp: 9.2.1 (/opt/ros/galactic/share/rclcpp/cmake)
[1.063s] -- Found rmw_implementation_cmake: 3.3.1 (/opt/ros/galactic/share/rmw_implementation_cmake/cmake)
[1.066s] -- Found rmw_cyclonedds_cpp: 0.22.5 (/opt/ros/galactic/share/rmw_cyclonedds_cpp/cmake)
[1.084s] -- Using RMW implementation 'rmw_cyclonedds_cpp' as default
[1.085s] -- Looking for pthread.h
[1.154s] -- Looking for pthread.h - found
[1.154s] -- Performing Test CMAKE_HAVE_LIBC_PTHREAD
[1.228s] -- Performing Test CMAKE_HAVE_LIBC_PTHREAD - Failed
[1.228s] -- Looking for pthread_create in pthreads
[1.280s] -- Looking for pthread_create in pthreads - not found
[1.280s] -- Looking for pthread_create in pthread
[1.345s] -- Looking for pthread_create in pthread - found
[1.346s] -- Found Threads: TRUE  
[1.463s] -- Found rclcpp_action: 9.2.1 (/opt/ros/galactic/share/rclcpp_action/cmake)
[1.532s] -- Found rosidl_default_generators: 1.1.1 (/opt/ros/galactic/share/rosidl_default_generators/cmake)
[1.543s] -- Found std_srvs: 2.2.4 (/opt/ros/galactic/share/std_srvs/cmake)
[1.566s] -- Found PythonInterp: /home/michael/miniconda3/bin/python3 (found version "3.8.13") 
[1.600s] CMake Error at /opt/ros/galactic/share/rosidl_adapter/cmake/rosidl_adapt_interfaces.cmake:60 (message):
[1.600s]   execute_process(/home/michael/miniconda3/bin/python3 -m rosidl_adapter
[1.600s]   --package-name turtlesim --arguments-file
[1.600s]   /home/michael/Desktop/yunhao/roar_ros_inference_node/build/turtlesim/rosidl_adapter__arguments__turtlesim.json
[1.600s]   --output-dir
[1.601s]   /home/michael/Desktop/yunhao/roar_ros_inference_node/build/turtlesim/rosidl_adapter/turtlesim
[1.601s]   --output-file
[1.601s]   /home/michael/Desktop/yunhao/roar_ros_inference_node/build/turtlesim/rosidl_adapter/turtlesim.idls)
[1.601s]   returned error code 1:
[1.601s] 
[1.601s]   Traceback (most recent call last):
[1.601s] 
[1.601s]     File "/home/michael/miniconda3/lib/python3.8/runpy.py", line 194, in _run_module_as_main
[1.601s]       return _run_code(code, main_globals, None,
[1.601s]     File "/home/michael/miniconda3/lib/python3.8/runpy.py", line 87, in _run_code
[1.601s]       exec(code, run_globals)
[1.601s]     File "/opt/ros/galactic/lib/python3.8/site-packages/rosidl_adapter/__main__.py", line 19, in <module>
[1.601s]       sys.exit(main())
[1.601s]     File "/opt/ros/galactic/lib/python3.8/site-packages/rosidl_adapter/main.py", line 53, in main
[1.601s]       abs_idl_file = convert_to_idl(
[1.601s]     File "/opt/ros/galactic/lib/python3.8/site-packages/rosidl_adapter/__init__.py", line 28, in convert_to_idl
[1.601s]       from rosidl_adapter.action import convert_action_to_idl
[1.601s]     File "/opt/ros/galactic/lib/python3.8/site-packages/rosidl_adapter/action/__init__.py", line 16, in <module>
[1.602s]       from rosidl_adapter.resource import expand_template
[1.602s]     File "/opt/ros/galactic/lib/python3.8/site-packages/rosidl_adapter/resource/__init__.py", line 19, in <module>
[1.602s]       import em
[1.602s] 
[1.602s]   ModuleNotFoundError: No module named 'em'
[1.602s] 
[1.602s] Call Stack (most recent call first):
[1.602s]   /opt/ros/galactic/share/rosidl_cmake/cmake/rosidl_generate_interfaces.cmake:130 (rosidl_adapt_interfaces)
[1.602s]   CMakeLists.txt:24 (rosidl_generate_interfaces)
[1.602s] 
[1.602s] 
[1.603s] -- Configuring incomplete, errors occurred!
[1.603s] See also "/home/michael/Desktop/yunhao/roar_ros_inference_node/build/turtlesim/CMakeFiles/CMakeOutput.log".
[1.603s] See also "/home/michael/Desktop/yunhao/roar_ros_inference_node/build/turtlesim/CMakeFiles/CMakeError.log".
