[0.018s] Invoking command in '/home/michael/Desktop/yunhao/roar_ros_inference_node/build/inference_interfaces': CMAKE_PREFIX_PATH=/opt/ros/galactic CONDA_PROMPT_MODIFIER=(base) /usr/bin/cmake /home/michael/Desktop/yunhao/roar_ros_inference_node/src/inference_interfaces -DCMAKE_INSTALL_PREFIX=/home/michael/Desktop/yunhao/roar_ros_inference_node/install/inference_interfaces
[0.201s] -- The C compiler identification is GNU 9.4.0
[0.328s] -- The CXX compiler identification is GNU 9.4.0
[0.335s] -- Check for working C compiler: /usr/bin/cc
[0.399s] -- Check for working C compiler: /usr/bin/cc -- works
[0.401s] -- Detecting C compiler ABI info
[0.464s] -- Detecting C compiler ABI info - done
[0.473s] -- Detecting C compile features
[0.474s] -- Detecting C compile features - done
[0.476s] -- Check for working CXX compiler: /usr/bin/c++
[0.543s] -- Check for working CXX compiler: /usr/bin/c++ -- works
[0.544s] -- Detecting CXX compiler ABI info
[0.613s] -- Detecting CXX compiler ABI info - done
[0.622s] -- Detecting CXX compile features
[0.623s] -- Detecting CXX compile features - done
[0.625s] -- Found ament_cmake: 1.1.5 (/opt/ros/galactic/share/ament_cmake/cmake)
[0.643s] -- Found PythonInterp: /home/michael/miniconda3/bin/python3 (found suitable version "3.8.13", minimum required is "3") 
[0.643s] -- Using PYTHON_EXECUTABLE: /home/michael/miniconda3/bin/python3
[0.717s] -- Found ament_lint_auto: 0.10.7 (/opt/ros/galactic/share/ament_lint_auto/cmake)
[0.739s] Traceback (most recent call last):
[0.739s]   File "/opt/ros/galactic/share/ament_cmake_core/cmake/core/package_xml_2_cmake.py", line 22, in <module>
[0.739s]     from catkin_pkg.package import evaluate_condition
[0.739s] ModuleNotFoundError: No module named 'catkin_pkg'
[0.742s] CMake Error at /opt/ros/galactic/share/ament_cmake_core/cmake/core/ament_package_xml.cmake:94 (message):
[0.742s]   execute_process(/home/michael/miniconda3/bin/python3
[0.742s]   /opt/ros/galactic/share/ament_cmake_core/cmake/core/package_xml_2_cmake.py
[0.742s]   /home/michael/Desktop/yunhao/roar_ros_inference_node/src/inference_interfaces/package.xml
[0.742s]   /home/michael/Desktop/yunhao/roar_ros_inference_node/build/inference_interfaces/ament_cmake_core/package.cmake)
[0.742s]   returned error code 1
[0.742s] Call Stack (most recent call first):
[0.742s]   /opt/ros/galactic/share/ament_cmake_core/cmake/core/ament_package_xml.cmake:49 (_ament_package_xml)
[0.742s]   /opt/ros/galactic/share/ament_lint_auto/cmake/ament_lint_auto_find_test_dependencies.cmake:31 (ament_package_xml)
[0.742s]   CMakeLists.txt:22 (ament_lint_auto_find_test_dependencies)
[0.742s] 
[0.742s] 
[0.743s] -- Configuring incomplete, errors occurred!
[0.743s] See also "/home/michael/Desktop/yunhao/roar_ros_inference_node/build/inference_interfaces/CMakeFiles/CMakeOutput.log".
[0.747s] Invoked command in '/home/michael/Desktop/yunhao/roar_ros_inference_node/build/inference_interfaces' returned '1': CMAKE_PREFIX_PATH=/opt/ros/galactic CONDA_PROMPT_MODIFIER=(base) /usr/bin/cmake /home/michael/Desktop/yunhao/roar_ros_inference_node/src/inference_interfaces -DCMAKE_INSTALL_PREFIX=/home/michael/Desktop/yunhao/roar_ros_inference_node/install/inference_interfaces
